<?xml version="1.0" encoding="UTF-8" ?>
<testsuite tests="10" failures="0" name="generator.randomizers.RandomizerTest" time="0" errors="0" skipped="0">
  <properties>
    <property name="idea.version" value="2018.2.1"/>
    <property name="java.runtime.name" value="Java(TM) SE Runtime Environment"/>
    <property name="sun.boot.library.path" value="C:\Programs\Java\jdk1.8.0_161\jre\bin"/>
    <property name="java.vm.version" value="25.161-b12"/>
    <property name="user.country.format" value="NL"/>
    <property name="java.vm.vendor" value="Oracle Corporation"/>
    <property name="maven.multiModuleProjectDirectory" value="C:\Workspace\IntelliJ\data-generator"/>
    <property name="java.vendor.url" value="http://java.oracle.com/"/>
    <property name="path.separator" value=";"/>
    <property name="guice.disable.misplaced.annotation.check" value="true"/>
    <property name="java.vm.name" value="Java HotSpot(TM) 64-Bit Server VM"/>
    <property name="file.encoding.pkg" value="sun.io"/>
    <property name="user.script" value=""/>
    <property name="user.country" value="US"/>
    <property name="sun.java.launcher" value="SUN_STANDARD"/>
    <property name="sun.os.patch.level" value="Service Pack 1"/>
    <property name="java.vm.specification.name" value="Java Virtual Machine Specification"/>
    <property name="user.dir" value="C:\Workspace\IntelliJ\data-generator"/>
    <property name="java.runtime.version" value="1.8.0_161-b12"/>
    <property name="java.awt.graphicsenv" value="sun.awt.Win32GraphicsEnvironment"/>
    <property name="java.endorsed.dirs" value="C:\Programs\Java\jdk1.8.0_161\jre\lib\endorsed"/>
    <property name="os.arch" value="amd64"/>
    <property name="visualvm.id" value="8614471244152"/>
    <property name="java.io.tmpdir" value="C:\Users\Jboer\AppData\Local\Temp\"/>
    <property name="line.separator" value="
"/>
    <property name="java.vm.specification.vendor" value="Oracle Corporation"/>
    <property name="user.variant" value=""/>
    <property name="os.name" value="Windows 7"/>
    <property name="classworlds.conf" value="C:\Programs\JetBrains\IntelliJ IDEA 2018.2\plugins\maven\lib\maven3\bin\m2.conf"/>
    <property name="sun.jnu.encoding" value="Cp1252"/>
    <property name="java.library.path" value="C:\Programs\Java\jdk1.8.0_161\bin;C:\WINDOWS\Sun\Java\bin;C:\WINDOWS\system32;C:\WINDOWS;C:\Program Files (x86)\Common Files\Oracle\Java\javapath;C:\Programs\Java\jdk1.8.0_161\bin;C:\Programs\GnuWin32\bin;C:\ProgramData\Oracle\Java\javapath;C:\WINDOWS\system32;C:\WINDOWS;C:\WINDOWS\System32\Wbem;C:\WINDOWS\System32\WindowsPowerShell\v1.0\;C:\Windows\CCM;C:\Windows\CCM;C:\Program Files\Dell\Dell Data Protection\Encryption\;C:\Programs\TortoiseSVN\bin;C:\Programs\SlikSvn\bin;C:\Programs\PuTTY\;C:\Program Files (x86)\Sennheiser\SoftphoneSDK\;C:\Programs\OpenSSH\bin;C:\Programs\Brackets\command;C:\Programs\apache-ant-1.10.5\bin;C:\Programs\gradle-4.9\bin;C:\Programs\nodejs\;C:\Users\Jboer\AppData\Roaming\npm;C:\Programs\Microsoft VS Code\bin;."/>
    <property name="java.specification.name" value="Java Platform API Specification"/>
    <property name="java.class.version" value="52.0"/>
    <property name="sun.management.compiler" value="HotSpot 64-Bit Tiered Compilers"/>
    <property name="os.version" value="6.1"/>
    <property name="user.home" value="C:\Users\Jboer"/>
    <property name="user.timezone" value="Europe/Berlin"/>
    <property name="java.awt.printerjob" value="sun.awt.windows.WPrinterJob"/>
    <property name="java.specification.version" value="1.8"/>
    <property name="file.encoding" value="ISO-8859-1"/>
    <property name="user.name" value="JBoer"/>
    <property name="java.class.path" value="C:\Programs\JetBrains\IntelliJ IDEA 2018.2\plugins\maven\lib\maven3\boot\plexus-classworlds-2.5.2.jar;C:\Programs\JetBrains\IntelliJ IDEA 2018.2\lib\idea_rt.jar"/>
    <property name="java.vm.specification.version" value="1.8"/>
    <property name="sun.arch.data.model" value="64"/>
    <property name="java.home" value="C:\Programs\Java\jdk1.8.0_161\jre"/>
    <property name="sun.java.command" value="org.codehaus.classworlds.Launcher -Didea.version=2018.2.1 clean package"/>
    <property name="java.specification.vendor" value="Oracle Corporation"/>
    <property name="user.language" value="en"/>
    <property name="user.language.format" value="nl"/>
    <property name="awt.toolkit" value="sun.awt.windows.WToolkit"/>
    <property name="java.vm.info" value="mixed mode"/>
    <property name="java.version" value="1.8.0_161"/>
    <property name="java.ext.dirs" value="C:\Programs\Java\jdk1.8.0_161\jre\lib\ext;C:\WINDOWS\Sun\Java\lib\ext"/>
    <property name="sun.boot.class.path" value="C:\Programs\Java\jdk1.8.0_161\jre\lib\resources.jar;C:\Programs\Java\jdk1.8.0_161\jre\lib\rt.jar;C:\Programs\Java\jdk1.8.0_161\jre\lib\sunrsasign.jar;C:\Programs\Java\jdk1.8.0_161\jre\lib\jsse.jar;C:\Programs\Java\jdk1.8.0_161\jre\lib\jce.jar;C:\Programs\Java\jdk1.8.0_161\jre\lib\charsets.jar;C:\Programs\Java\jdk1.8.0_161\jre\lib\jfr.jar;C:\Programs\Java\jdk1.8.0_161\jre\classes"/>
    <property name="java.vendor" value="Oracle Corporation"/>
    <property name="maven.home" value="C:\Programs\JetBrains\IntelliJ IDEA 2018.2\plugins\maven\lib\maven3"/>
    <property name="file.separator" value="\"/>
    <property name="java.vendor.url.bug" value="http://bugreport.sun.com/bugreport/"/>
    <property name="sun.cpu.endian" value="little"/>
    <property name="sun.io.unicode.encoding" value="UnicodeLittle"/>
    <property name="sun.desktop" value="windows"/>
    <property name="sun.cpu.isalist" value="amd64"/>
  </properties>
  <testcase classname="generator.randomizers.RandomizerTest" name="testIntegerRandomizerInDefaultRange" time="0"/>
  <testcase classname="generator.randomizers.RandomizerTest" name="testLookupIntegerRandomizer" time="0"/>
  <testcase classname="generator.randomizers.RandomizerTest" name="testStringRandomizer" time="0"/>
  <testcase classname="generator.randomizers.RandomizerTest" name="testDateRandomizer" time="0"/>
  <testcase classname="generator.randomizers.RandomizerTest" name="testDateInRangeRandomizer" time="0"/>
  <testcase classname="generator.randomizers.RandomizerTest" name="testEnumRandomizer" time="0"/>
  <testcase classname="generator.randomizers.RandomizerTest" name="testCharacterRandomizer" time="0"/>
  <testcase classname="generator.randomizers.RandomizerTest" name="testLongRandomizerInRange" time="0"/>
  <testcase classname="generator.randomizers.RandomizerTest" name="testIntegerRandomizerInRange" time="0"/>
  <testcase classname="generator.randomizers.RandomizerTest" name="testLookupRandomizerNotInMap" time="0"/>
</testsuite>